2023-01-09 20:38:13,787 DEBUG org.hibernate.engine.jdbc.spi.SqlStatementLogger [http-nio-8080-exec-2] 
    insert 
    into
        todo
        (indate, todos) 
    values
        (?, ?)
2023-01-09 20:38:13,794 TRACE org.hibernate.type.descriptor.sql.BasicBinder [http-nio-8080-exec-2] binding parameter [1] as [VARCHAR] - [null]
2023-01-09 20:38:13,796 TRACE org.hibernate.type.descriptor.sql.BasicBinder [http-nio-8080-exec-2] binding parameter [2] as [VARCHAR] - [12314]
2023-01-09 20:38:13,909 DEBUG org.hibernate.engine.jdbc.spi.SqlStatementLogger [http-nio-8080-exec-1] 
    select
        todo0_.id as id1_0_,
        todo0_.indate as indate2_0_,
        todo0_.todos as todos3_0_ 
    from
        todo todo0_
2023-01-09 20:38:20,887 DEBUG org.hibernate.engine.jdbc.spi.SqlStatementLogger [http-nio-8080-exec-8] 
    insert 
    into
        todo
        (indate, todos) 
    values
        (?, ?)
2023-01-09 20:38:20,888 TRACE org.hibernate.type.descriptor.sql.BasicBinder [http-nio-8080-exec-8] binding parameter [1] as [VARCHAR] - [null]
2023-01-09 20:38:20,888 TRACE org.hibernate.type.descriptor.sql.BasicBinder [http-nio-8080-exec-8] binding parameter [2] as [VARCHAR] - [1241245]
2023-01-09 20:38:20,895 DEBUG org.hibernate.engine.jdbc.spi.SqlStatementLogger [http-nio-8080-exec-3] 
    select
        todo0_.id as id1_0_,
        todo0_.indate as indate2_0_,
        todo0_.todos as todos3_0_ 
    from
        todo todo0_
