2023-01-09 21:12:06,792 DEBUG org.hibernate.engine.jdbc.spi.SqlStatementLogger [http-nio-8080-exec-4] 
    insert 
    into
        todo
        (indate, todos) 
    values
        (?, ?)
2023-01-09 21:12:06,793 TRACE org.hibernate.type.descriptor.sql.BasicBinder [http-nio-8080-exec-4] binding parameter [1] as [VARCHAR] - [null]
2023-01-09 21:12:06,794 TRACE org.hibernate.type.descriptor.sql.BasicBinder [http-nio-8080-exec-4] binding parameter [2] as [VARCHAR] - [12455]
2023-01-09 21:12:06,806 DEBUG org.hibernate.engine.jdbc.spi.SqlStatementLogger [http-nio-8080-exec-2] 
    select
        todo0_.id as id1_0_,
        todo0_.indate as indate2_0_,
        todo0_.todos as todos3_0_ 
    from
        todo todo0_
2023-01-09 21:12:13,023 DEBUG org.hibernate.engine.jdbc.spi.SqlStatementLogger [http-nio-8080-exec-5] 
    insert 
    into
        todo
        (indate, todos) 
    values
        (?, ?)
2023-01-09 21:12:13,023 TRACE org.hibernate.type.descriptor.sql.BasicBinder [http-nio-8080-exec-5] binding parameter [1] as [VARCHAR] - [null]
2023-01-09 21:12:13,023 TRACE org.hibernate.type.descriptor.sql.BasicBinder [http-nio-8080-exec-5] binding parameter [2] as [VARCHAR] - [확인]
2023-01-09 21:12:13,032 DEBUG org.hibernate.engine.jdbc.spi.SqlStatementLogger [http-nio-8080-exec-6] 
    select
        todo0_.id as id1_0_,
        todo0_.indate as indate2_0_,
        todo0_.todos as todos3_0_ 
    from
        todo todo0_
