2023-01-09 21:09:12,980 DEBUG org.hibernate.engine.jdbc.spi.SqlStatementLogger [http-nio-8080-exec-2] 
    select
        todo0_.id as id1_0_,
        todo0_.indate as indate2_0_,
        todo0_.todos as todos3_0_ 
    from
        todo todo0_
2023-01-09 21:09:18,600 DEBUG org.hibernate.engine.jdbc.spi.SqlStatementLogger [http-nio-8080-exec-7] 
    insert 
    into
        todo
        (indate, todos) 
    values
        (?, ?)
2023-01-09 21:09:18,604 TRACE org.hibernate.type.descriptor.sql.BasicBinder [http-nio-8080-exec-7] binding parameter [1] as [VARCHAR] - [null]
2023-01-09 21:09:18,607 TRACE org.hibernate.type.descriptor.sql.BasicBinder [http-nio-8080-exec-7] binding parameter [2] as [VARCHAR] - [장원바보]
2023-01-09 21:09:18,626 DEBUG org.hibernate.engine.jdbc.spi.SqlStatementLogger [http-nio-8080-exec-5] 
    select
        todo0_.id as id1_0_,
        todo0_.indate as indate2_0_,
        todo0_.todos as todos3_0_ 
    from
        todo todo0_
